  CREATE_STREAM @0 {NAME:apb_w_seq T:Transactions SCOPE:uvm_test_top.uart_apb_env.apb_agent.sequencer STREAM:1101}
  CREATE_STREAM @0 {NAME:apb_w_seq T:Transactions SCOPE:uvm_test_top.uart_apb_env.apb_agent.sequencer STREAM:1101}
  CREATE_STREAM @0 {NAME:u_rx_seq T:Transactions SCOPE:uvm_test_top.uart_apb_env.uart_rx.sequencer STREAM:1146}
  CREATE_STREAM @0 {NAME:apb_w_seq T:Transactions SCOPE:uvm_test_top.uart_apb_env.apb_agent.sequencer STREAM:1101}
  CREATE_STREAM @0 {NAME:u_rx_seq T:Transactions SCOPE:uvm_test_top.uart_apb_env.uart_rx.sequencer STREAM:1146}
  CREATE_STREAM @290 {NAME:apb_w_seq T:Transactions SCOPE:uvm_test_top.uart_apb_env.apb_agent.sequencer STREAM:1180}
  CREATE_STREAM @370 {NAME:u_rx_seq T:Transactions SCOPE:uvm_test_top.uart_apb_env.uart_rx.sequencer STREAM:1212}
  CREATE_STREAM @530 {NAME:u_tx_seq T:Transactions SCOPE:uvm_test_top.uart_apb_env.uart_tx.sequencer STREAM:1279}
  CREATE_STREAM @96020 {NAME:apb_r_seq T:Transactions SCOPE:uvm_test_top.uart_apb_env.apb_agent.sequencer STREAM:1360}
  CREATE_STREAM @290 {NAME:apb_w_seq T:Transactions SCOPE:uvm_test_top.uart_apb_env.apb_agent.sequencer STREAM:1180}
  CREATE_STREAM @370 {NAME:u_rx_seq T:Transactions SCOPE:uvm_test_top.uart_apb_env.uart_rx.sequencer STREAM:1212}
  CREATE_STREAM @95790 {NAME:u_tx_seq T:Transactions SCOPE:uvm_test_top.uart_apb_env.uart_tx.sequencer STREAM:1297}
  CREATE_STREAM @191280 {NAME:apb_r_seq T:Transactions SCOPE:uvm_test_top.uart_apb_env.apb_agent.sequencer STREAM:1367}
  CREATE_STREAM @290 {NAME:apb_w_seq T:Transactions SCOPE:uvm_test_top.uart_apb_env.apb_agent.sequencer STREAM:1180}
  CREATE_STREAM @370 {NAME:u_rx_seq T:Transactions SCOPE:uvm_test_top.uart_apb_env.uart_rx.sequencer STREAM:1212}
  CREATE_STREAM @95790 {NAME:u_tx_seq T:Transactions SCOPE:uvm_test_top.uart_apb_env.uart_tx.sequencer STREAM:1297}
  CREATE_STREAM @191280 {NAME:apb_r_seq T:Transactions SCOPE:uvm_test_top.uart_apb_env.apb_agent.sequencer STREAM:1367}
  CREATE_STREAM @290 {NAME:apb_w_seq T:Transactions SCOPE:uvm_test_top.uart_apb_env.apb_agent.sequencer STREAM:1180}
  CREATE_STREAM @370 {NAME:u_rx_seq T:Transactions SCOPE:uvm_test_top.uart_apb_env.uart_rx.sequencer STREAM:1212}
  CREATE_STREAM @95790 {NAME:u_tx_seq T:Transactions SCOPE:uvm_test_top.uart_apb_env.uart_tx.sequencer STREAM:1297}
  CREATE_STREAM @191280 {NAME:apb_r_seq T:Transactions SCOPE:uvm_test_top.uart_apb_env.apb_agent.sequencer STREAM:1367}
  CREATE_STREAM @290 {NAME:apb_w_seq T:Transactions SCOPE:uvm_test_top.uart_apb_env.apb_agent.sequencer STREAM:1180}
  CREATE_STREAM @370 {NAME:u_rx_seq T:Transactions SCOPE:uvm_test_top.uart_apb_env.uart_rx.sequencer STREAM:1212}
  CREATE_STREAM @95790 {NAME:u_tx_seq T:Transactions SCOPE:uvm_test_top.uart_apb_env.uart_tx.sequencer STREAM:1299}
  CREATE_STREAM @184330 {NAME:apb_r_seq T:Transactions SCOPE:uvm_test_top.uart_apb_env.apb_agent.sequencer STREAM:1361}
  CREATE_STREAM @290 {NAME:apb_w_seq T:Transactions SCOPE:uvm_test_top.uart_apb_env.apb_agent.sequencer STREAM:1180}
  CREATE_STREAM @370 {NAME:u_rx_seq T:Transactions SCOPE:uvm_test_top.uart_apb_env.uart_rx.sequencer STREAM:1212}
  CREATE_STREAM @95790 {NAME:u_tx_seq T:Transactions SCOPE:uvm_test_top.uart_apb_env.uart_tx.sequencer STREAM:1285}
  CREATE_STREAM @184330 {NAME:apb_r_seq T:Transactions SCOPE:uvm_test_top.uart_apb_env.apb_agent.sequencer STREAM:1347}
  CREATE_STREAM @290 {NAME:apb_w_seq T:Transactions SCOPE:uvm_test_top.uart_apb_env.apb_agent.sequencer STREAM:1180}
  CREATE_STREAM @370 {NAME:u_rx_seq T:Transactions SCOPE:uvm_test_top.uart_apb_env.uart_rx.sequencer STREAM:1212}
  CREATE_STREAM @95790 {NAME:u_tx_seq T:Transactions SCOPE:uvm_test_top.uart_apb_env.uart_tx.sequencer STREAM:1285}
  CREATE_STREAM @184330 {NAME:apb_r_seq T:Transactions SCOPE:uvm_test_top.uart_apb_env.apb_agent.sequencer STREAM:1347}
  CREATE_STREAM @290 {NAME:apb_w_seq T:Transactions SCOPE:uvm_test_top.uart_apb_env.apb_agent.sequencer STREAM:1180}
  CREATE_STREAM @370 {NAME:u_rx_seq T:Transactions SCOPE:uvm_test_top.uart_apb_env.uart_rx.sequencer STREAM:1206}
  CREATE_STREAM @95790 {NAME:u_tx_seq T:Transactions SCOPE:uvm_test_top.uart_apb_env.uart_tx.sequencer STREAM:1267}
  CREATE_STREAM @184330 {NAME:apb_r_seq T:Transactions SCOPE:uvm_test_top.uart_apb_env.apb_agent.sequencer STREAM:1329}
  CREATE_STREAM @290 {NAME:apb_w_seq T:Transactions SCOPE:uvm_test_top.uart_apb_env.apb_agent.sequencer STREAM:1180}
  CREATE_STREAM @370 {NAME:u_rx_seq T:Transactions SCOPE:uvm_test_top.uart_apb_env.uart_rx.sequencer STREAM:1202}
  CREATE_STREAM @95790 {NAME:u_tx_seq T:Transactions SCOPE:uvm_test_top.uart_apb_env.uart_tx.sequencer STREAM:1255}
  CREATE_STREAM @184330 {NAME:apb_r_seq T:Transactions SCOPE:uvm_test_top.uart_apb_env.apb_agent.sequencer STREAM:1317}
  CREATE_STREAM @290 {NAME:apb_w_seq T:Transactions SCOPE:uvm_test_top.uart_apb_env.apb_agent.sequencer STREAM:1174}
  CREATE_STREAM @370 {NAME:u_rx_seq T:Transactions SCOPE:uvm_test_top.uart_apb_env.uart_rx.sequencer STREAM:1196}
  CREATE_STREAM @95790 {NAME:u_tx_seq T:Transactions SCOPE:uvm_test_top.uart_apb_env.uart_tx.sequencer STREAM:1249}
  CREATE_STREAM @184330 {NAME:apb_r_seq T:Transactions SCOPE:uvm_test_top.uart_apb_env.apb_agent.sequencer STREAM:1279}
  CREATE_STREAM @290 {NAME:apb_w_seq T:Transactions SCOPE:uvm_test_top.uart_apb_env.apb_agent.sequencer STREAM:1174}
  CREATE_STREAM @370 {NAME:u_rx_seq T:Transactions SCOPE:uvm_test_top.uart_apb_env.uart_rx.sequencer STREAM:1196}
  CREATE_STREAM @95790 {NAME:u_tx_seq T:Transactions SCOPE:uvm_test_top.uart_apb_env.uart_tx.sequencer STREAM:1249}
  CREATE_STREAM @184330 {NAME:apb_r_seq T:Transactions SCOPE:uvm_test_top.uart_apb_env.apb_agent.sequencer STREAM:1279}
  CREATE_STREAM @290 {NAME:apb_w_seq T:Transactions SCOPE:uvm_test_top.uart_apb_env.apb_agent.sequencer STREAM:1174}
  CREATE_STREAM @370 {NAME:u_rx_seq T:Transactions SCOPE:uvm_test_top.uart_apb_env.uart_rx.sequencer STREAM:1196}
  CREATE_STREAM @95790 {NAME:u_tx_seq T:Transactions SCOPE:uvm_test_top.uart_apb_env.uart_tx.sequencer STREAM:1249}
  CREATE_STREAM @184330 {NAME:apb_r_seq T:Transactions SCOPE:uvm_test_top.uart_apb_env.apb_agent.sequencer STREAM:1279}
  CREATE_STREAM @290 {NAME:apb_w_seq T:Transactions SCOPE:uvm_test_top.uart_apb_env.apb_agent.sequencer STREAM:1174}
  CREATE_STREAM @370 {NAME:u_rx_seq T:Transactions SCOPE:uvm_test_top.uart_apb_env.uart_rx.sequencer STREAM:1196}
  CREATE_STREAM @95790 {NAME:u_tx_seq T:Transactions SCOPE:uvm_test_top.uart_apb_env.uart_tx.sequencer STREAM:1249}
  CREATE_STREAM @184330 {NAME:apb_r_seq T:Transactions SCOPE:uvm_test_top.uart_apb_env.apb_agent.sequencer STREAM:1279}
  CREATE_STREAM @290 {NAME:apb_w_seq T:Transactions SCOPE:uvm_test_top.uart_apb_env.apb_agent.sequencer STREAM:1174}
  CREATE_STREAM @370 {NAME:u_rx_seq T:Transactions SCOPE:uvm_test_top.uart_apb_env.uart_rx.sequencer STREAM:1196}
  CREATE_STREAM @95790 {NAME:u_tx_seq T:Transactions SCOPE:uvm_test_top.uart_apb_env.uart_tx.sequencer STREAM:1249}
  CREATE_STREAM @184330 {NAME:apb_r_seq T:Transactions SCOPE:uvm_test_top.uart_apb_env.apb_agent.sequencer STREAM:1279}
  CREATE_STREAM @290 {NAME:apb_w_seq T:Transactions SCOPE:uvm_test_top.uart_apb_env.apb_agent.sequencer STREAM:1174}
  CREATE_STREAM @370 {NAME:u_rx_seq T:Transactions SCOPE:uvm_test_top.uart_apb_env.uart_rx.sequencer STREAM:1196}
  CREATE_STREAM @95790 {NAME:u_tx_seq T:Transactions SCOPE:uvm_test_top.uart_apb_env.uart_tx.sequencer STREAM:1249}
  CREATE_STREAM @184330 {NAME:apb_r_seq T:Transactions SCOPE:uvm_test_top.uart_apb_env.apb_agent.sequencer STREAM:1279}
  CREATE_STREAM @290 {NAME:apb_w_seq T:Transactions SCOPE:uvm_test_top.uart_apb_env.apb_agent.sequencer STREAM:1174}
  CREATE_STREAM @370 {NAME:u_rx_seq T:Transactions SCOPE:uvm_test_top.uart_apb_env.uart_rx.sequencer STREAM:1196}
  CREATE_STREAM @95790 {NAME:u_tx_seq T:Transactions SCOPE:uvm_test_top.uart_apb_env.uart_tx.sequencer STREAM:1249}
  CREATE_STREAM @184330 {NAME:apb_r_seq T:Transactions SCOPE:uvm_test_top.uart_apb_env.apb_agent.sequencer STREAM:1279}
  CREATE_STREAM @290 {NAME:apb_w_seq T:Transactions SCOPE:uvm_test_top.uart_apb_env.apb_agent.sequencer STREAM:1174}
  CREATE_STREAM @370 {NAME:u_rx_seq T:Transactions SCOPE:uvm_test_top.uart_apb_env.uart_rx.sequencer STREAM:1196}
  CREATE_STREAM @95790 {NAME:u_tx_seq T:Transactions SCOPE:uvm_test_top.uart_apb_env.uart_tx.sequencer STREAM:1249}
  CREATE_STREAM @184330 {NAME:apb_r_seq T:Transactions SCOPE:uvm_test_top.uart_apb_env.apb_agent.sequencer STREAM:1279}
  CREATE_STREAM @290 {NAME:apb_w_seq T:Transactions SCOPE:uvm_test_top.uart_apb_env.apb_agent.sequencer STREAM:1180}
  CREATE_STREAM @370 {NAME:u_rx_seq T:Transactions SCOPE:uvm_test_top.uart_apb_env.uart_rx.sequencer STREAM:1202}
  CREATE_STREAM @95790 {NAME:u_tx_seq T:Transactions SCOPE:uvm_test_top.uart_apb_env.uart_tx.sequencer STREAM:2969}
  CREATE_STREAM @184330 {NAME:apb_r_seq T:Transactions SCOPE:uvm_test_top.uart_apb_env.apb_agent.sequencer STREAM:6547}
  CREATE_STREAM @290 {NAME:apb_w_seq T:Transactions SCOPE:uvm_test_top.uart_apb_env.apb_agent.sequencer STREAM:1180}
  CREATE_STREAM @370 {NAME:u_rx_seq T:Transactions SCOPE:uvm_test_top.uart_apb_env.uart_rx.sequencer STREAM:1202}
  CREATE_STREAM @95790 {NAME:u_tx_seq T:Transactions SCOPE:uvm_test_top.uart_apb_env.uart_tx.sequencer STREAM:2969}
  CREATE_STREAM @184330 {NAME:apb_r_seq T:Transactions SCOPE:uvm_test_top.uart_apb_env.apb_agent.sequencer STREAM:2999}
  CREATE_STREAM @290 {NAME:apb_w_seq T:Transactions SCOPE:uvm_test_top.uart_apb_env.apb_agent.sequencer STREAM:1174}
  CREATE_STREAM @370 {NAME:u_rx_seq T:Transactions SCOPE:uvm_test_top.uart_apb_env.uart_rx.sequencer STREAM:1194}
  CREATE_STREAM @95790 {NAME:u_tx_seq T:Transactions SCOPE:uvm_test_top.uart_apb_env.uart_tx.sequencer STREAM:1243}
  CREATE_STREAM @184330 {NAME:apb_r_seq T:Transactions SCOPE:uvm_test_top.uart_apb_env.apb_agent.sequencer STREAM:1273}
  CREATE_STREAM @290 {NAME:apb_w_seq T:Transactions SCOPE:uvm_test_top.uart_apb_env.apb_agent.sequencer STREAM:1174}
  CREATE_STREAM @370 {NAME:u_rx_seq T:Transactions SCOPE:uvm_test_top.uart_apb_env.uart_rx.sequencer STREAM:1194}
  CREATE_STREAM @88570 {NAME:u_tx_seq T:Transactions SCOPE:uvm_test_top.uart_apb_env.uart_tx.sequencer STREAM:1237}
  CREATE_STREAM @175380 {NAME:apb_r_seq T:Transactions SCOPE:uvm_test_top.uart_apb_env.apb_agent.sequencer STREAM:1273}
  CREATE_STREAM @290 {NAME:apb_w_seq T:Transactions SCOPE:uvm_test_top.uart_apb_env.apb_agent.sequencer STREAM:1180}
  CREATE_STREAM @370 {NAME:u_rx_seq T:Transactions SCOPE:uvm_test_top.uart_apb_env.uart_rx.sequencer STREAM:1200}
  CREATE_STREAM @88570 {NAME:u_tx_seq T:Transactions SCOPE:uvm_test_top.uart_apb_env.uart_tx.sequencer STREAM:2003}
  CREATE_STREAM @175380 {NAME:apb_r_seq T:Transactions SCOPE:uvm_test_top.uart_apb_env.apb_agent.sequencer STREAM:5807}
  CREATE_STREAM @290 {NAME:apb_w_seq T:Transactions SCOPE:uvm_test_top.uart_apb_env.apb_agent.sequencer STREAM:1174}
  CREATE_STREAM @370 {NAME:u_rx_seq T:Transactions SCOPE:uvm_test_top.uart_apb_env.uart_rx.sequencer STREAM:1194}
  CREATE_STREAM @95790 {NAME:u_tx_seq T:Transactions SCOPE:uvm_test_top.uart_apb_env.uart_tx.sequencer STREAM:1243}
  CREATE_STREAM @184330 {NAME:apb_r_seq T:Transactions SCOPE:uvm_test_top.uart_apb_env.apb_agent.sequencer STREAM:1273}
  CREATE_STREAM @290 {NAME:apb_w_seq T:Transactions SCOPE:uvm_test_top.uart_apb_env.apb_agent.sequencer STREAM:1174}
  CREATE_STREAM @370 {NAME:u_rx_seq T:Transactions SCOPE:uvm_test_top.uart_apb_env.uart_rx.sequencer STREAM:1194}
  CREATE_STREAM @95790 {NAME:u_tx_seq T:Transactions SCOPE:uvm_test_top.uart_apb_env.uart_tx.sequencer STREAM:1243}
  CREATE_STREAM @184330 {NAME:apb_r_seq T:Transactions SCOPE:uvm_test_top.uart_apb_env.apb_agent.sequencer STREAM:1273}
  CREATE_STREAM @290 {NAME:apb_w_seq T:Transactions SCOPE:uvm_test_top.uart_apb_env.apb_agent.sequencer STREAM:1174}
  CREATE_STREAM @370 {NAME:u_rx_seq T:Transactions SCOPE:uvm_test_top.uart_apb_env.uart_rx.sequencer STREAM:1192}
  CREATE_STREAM @95790 {NAME:u_tx_seq T:Transactions SCOPE:uvm_test_top.uart_apb_env.uart_tx.sequencer STREAM:1237}
  CREATE_STREAM @184330 {NAME:apb_r_seq T:Transactions SCOPE:uvm_test_top.uart_apb_env.apb_agent.sequencer STREAM:1267}
  CREATE_STREAM @290 {NAME:apb_w_seq T:Transactions SCOPE:uvm_test_top.uart_apb_env.apb_agent.sequencer STREAM:1174}
  CREATE_STREAM @370 {NAME:u_rx_seq T:Transactions SCOPE:uvm_test_top.uart_apb_env.uart_rx.sequencer STREAM:1192}
  CREATE_STREAM @95790 {NAME:u_tx_seq T:Transactions SCOPE:uvm_test_top.uart_apb_env.uart_tx.sequencer STREAM:1237}
  CREATE_STREAM @184330 {NAME:apb_r_seq T:Transactions SCOPE:uvm_test_top.uart_apb_env.apb_agent.sequencer STREAM:1267}
  CREATE_STREAM @290 {NAME:apb_w_seq T:Transactions SCOPE:uvm_test_top.uart_apb_env.apb_agent.sequencer STREAM:1174}
  CREATE_STREAM @370 {NAME:u_rx_seq T:Transactions SCOPE:uvm_test_top.uart_apb_env.uart_rx.sequencer STREAM:1192}
  CREATE_STREAM @95790 {NAME:u_tx_seq T:Transactions SCOPE:uvm_test_top.uart_apb_env.uart_tx.sequencer STREAM:1237}
  CREATE_STREAM @184330 {NAME:apb_r_seq T:Transactions SCOPE:uvm_test_top.uart_apb_env.apb_agent.sequencer STREAM:1267}
  CREATE_STREAM @290 {NAME:apb_w_seq T:Transactions SCOPE:uvm_test_top.uart_apb_env.apb_agent.sequencer STREAM:1174}
  CREATE_STREAM @370 {NAME:u_rx_seq T:Transactions SCOPE:uvm_test_top.uart_apb_env.uart_rx.sequencer STREAM:1192}
  CREATE_STREAM @95790 {NAME:u_tx_seq T:Transactions SCOPE:uvm_test_top.uart_apb_env.uart_tx.sequencer STREAM:1237}
  CREATE_STREAM @184330 {NAME:apb_r_seq T:Transactions SCOPE:uvm_test_top.uart_apb_env.apb_agent.sequencer STREAM:1267}
  CREATE_STREAM @290 {NAME:apb_w_seq T:Transactions SCOPE:uvm_test_top.uart_apb_env.apb_agent.sequencer STREAM:1213}
  CREATE_STREAM @370 {NAME:u_rx_seq T:Transactions SCOPE:uvm_test_top.uart_apb_env.uart_rx.sequencer STREAM:1231}
  CREATE_STREAM @95790 {NAME:u_tx_seq T:Transactions SCOPE:uvm_test_top.uart_apb_env.uart_tx.sequencer STREAM:1282}
  CREATE_STREAM @184330 {NAME:apb_r_seq T:Transactions SCOPE:uvm_test_top.uart_apb_env.apb_agent.sequencer STREAM:1314}
  CREATE_STREAM @290 {NAME:apb_w_seq T:Transactions SCOPE:uvm_test_top.uart_apb_env.apb_agent.sequencer STREAM:1213}
  CREATE_STREAM @370 {NAME:u_rx_seq T:Transactions SCOPE:uvm_test_top.uart_apb_env.uart_rx.sequencer STREAM:1231}
  CREATE_STREAM @95790 {NAME:u_tx_seq T:Transactions SCOPE:uvm_test_top.uart_apb_env.uart_tx.sequencer STREAM:1282}
  CREATE_STREAM @184330 {NAME:apb_r_seq T:Transactions SCOPE:uvm_test_top.uart_apb_env.apb_agent.sequencer STREAM:1314}
  CREATE_STREAM @290 {NAME:apb_w_seq T:Transactions SCOPE:uvm_test_top.apb_uart_env.apb_agent.sequencer STREAM:1213}
  CREATE_STREAM @370 {NAME:u_rx_seq T:Transactions SCOPE:uvm_test_top.apb_uart_env.uart_rx.sequencer STREAM:1231}
  CREATE_STREAM @95790 {NAME:u_tx_seq T:Transactions SCOPE:uvm_test_top.apb_uart_env.uart_tx.sequencer STREAM:1282}
  CREATE_STREAM @184330 {NAME:apb_r_seq T:Transactions SCOPE:uvm_test_top.apb_uart_env.apb_agent.sequencer STREAM:1314}
  CREATE_STREAM @290 {NAME:apb_w_seq T:Transactions SCOPE:uvm_test_top.apb_uart_env.apb_agent.sequencer STREAM:1213}
  CREATE_STREAM @370 {NAME:u_rx_seq T:Transactions SCOPE:uvm_test_top.apb_uart_env.uart_rx.sequencer STREAM:1231}
  CREATE_STREAM @95790 {NAME:u_tx_seq T:Transactions SCOPE:uvm_test_top.apb_uart_env.uart_tx.sequencer STREAM:1282}
  CREATE_STREAM @184330 {NAME:apb_r_seq T:Transactions SCOPE:uvm_test_top.apb_uart_env.apb_agent.sequencer STREAM:1314}
  CREATE_STREAM @290 {NAME:apb_w_seq T:Transactions SCOPE:uvm_test_top.apb_uart_env.apb_agent.sequencer STREAM:1201}
  CREATE_STREAM @370 {NAME:u_rx_seq T:Transactions SCOPE:uvm_test_top.apb_uart_env.uart_rx.sequencer STREAM:1219}
  CREATE_STREAM @290 {NAME:apb_w_seq T:Transactions SCOPE:uvm_test_top.apb_uart_env.apb_agent.sequencer STREAM:1201}
  CREATE_STREAM @290 {NAME:u_rx_seq T:Transactions SCOPE:uvm_test_top.apb_uart_env.uart_rx.sequencer STREAM:1204}
  CREATE_STREAM @290 {NAME:apb_w_seq T:Transactions SCOPE:uvm_test_top.apb_uart_env.apb_agent.sequencer STREAM:1213}
  CREATE_STREAM @370 {NAME:u_rx_seq T:Transactions SCOPE:uvm_test_top.apb_uart_env.uart_rx.sequencer STREAM:1231}
  CREATE_STREAM @95790 {NAME:u_tx_seq T:Transactions SCOPE:uvm_test_top.apb_uart_env.uart_tx.sequencer STREAM:1282}
  CREATE_STREAM @184330 {NAME:apb_r_seq T:Transactions SCOPE:uvm_test_top.apb_uart_env.apb_agent.sequencer STREAM:1314}
  CREATE_STREAM @290 {NAME:apb_w_seq T:Transactions SCOPE:uvm_test_top.apb_uart_env.apb_agent.sequencer STREAM:1201}
  CREATE_STREAM @290 {NAME:u_rx_seq T:Transactions SCOPE:uvm_test_top.apb_uart_env.uart_rx.sequencer STREAM:1204}
  CREATE_STREAM @290 {NAME:apb_w_seq T:Transactions SCOPE:uvm_test_top.apb_uart_env.apb_agent.sequencer STREAM:1201}
  CREATE_STREAM @290 {NAME:u_rx_seq T:Transactions SCOPE:uvm_test_top.apb_uart_env.uart_rx.sequencer STREAM:1204}
  CREATE_STREAM @290 {NAME:apb_w_seq T:Transactions SCOPE:uvm_test_top.apb_uart_env.apb_agent.sequencer STREAM:1201}
  CREATE_STREAM @290 {NAME:u_rx_seq T:Transactions SCOPE:uvm_test_top.apb_uart_env.uart_rx.sequencer STREAM:1204}
  CREATE_STREAM @290 {NAME:apb_w_seq T:Transactions SCOPE:uvm_test_top.apb_uart_env.apb_agent.sequencer STREAM:1201}
  CREATE_STREAM @290 {NAME:u_rx_seq T:Transactions SCOPE:uvm_test_top.apb_uart_env.uart_rx.sequencer STREAM:1204}
  CREATE_STREAM @290 {NAME:apb_w_seq T:Transactions SCOPE:uvm_test_top.apb_uart_env.apb_agent.sequencer STREAM:1201}
  CREATE_STREAM @290 {NAME:u_rx_seq T:Transactions SCOPE:uvm_test_top.apb_uart_env.uart_rx.sequencer STREAM:1204}
  CREATE_STREAM @290 {NAME:apb_w_seq T:Transactions SCOPE:uvm_test_top.apb_uart_env.apb_agent.sequencer STREAM:1203}
  CREATE_STREAM @290 {NAME:u_rx_seq T:Transactions SCOPE:uvm_test_top.apb_uart_env.uart_rx.sequencer STREAM:1206}
  CREATE_STREAM @290 {NAME:apb_w_seq T:Transactions SCOPE:uvm_test_top.apb_uart_env.apb_agent.sequencer STREAM:1203}
  CREATE_STREAM @290 {NAME:u_rx_seq T:Transactions SCOPE:uvm_test_top.apb_uart_env.uart_rx.sequencer STREAM:1206}
  CREATE_STREAM @290 {NAME:apb_w_seq T:Transactions SCOPE:uvm_test_top.apb_uart_env.apb_agent.sequencer STREAM:1203}
  CREATE_STREAM @290 {NAME:u_rx_seq T:Transactions SCOPE:uvm_test_top.apb_uart_env.uart_rx.sequencer STREAM:1206}
  CREATE_STREAM @290 {NAME:apb_w_seq T:Transactions SCOPE:uvm_test_top.apb_uart_env.apb_agent.sequencer STREAM:1203}
  CREATE_STREAM @290 {NAME:u_rx_seq T:Transactions SCOPE:uvm_test_top.apb_uart_env.uart_rx.sequencer STREAM:1206}
  CREATE_STREAM @290 {NAME:apb_w_seq T:Transactions SCOPE:uvm_test_top.apb_uart_env.apb_agent.sequencer STREAM:1203}
  CREATE_STREAM @290 {NAME:u_rx_seq T:Transactions SCOPE:uvm_test_top.apb_uart_env.uart_rx.sequencer STREAM:1206}
  CREATE_STREAM @290 {NAME:apb_w_seq T:Transactions SCOPE:uvm_test_top.apb_uart_env.apb_agent.sequencer STREAM:1203}
  CREATE_STREAM @290 {NAME:u_rx_seq T:Transactions SCOPE:uvm_test_top.apb_uart_env.uart_rx.sequencer STREAM:1206}
  CREATE_STREAM @290 {NAME:apb_w_seq T:Transactions SCOPE:uvm_test_top.apb_uart_env.apb_agent.sequencer STREAM:1203}
  CREATE_STREAM @290 {NAME:u_rx_seq T:Transactions SCOPE:uvm_test_top.apb_uart_env.uart_rx.sequencer STREAM:1206}
  CREATE_STREAM @290 {NAME:apb_w_seq T:Transactions SCOPE:uvm_test_top.apb_uart_env.apb_agent.sequencer STREAM:1208}
  CREATE_STREAM @290 {NAME:u_rx_seq T:Transactions SCOPE:uvm_test_top.apb_uart_env.uart_rx.sequencer STREAM:1211}
  CREATE_STREAM @290 {NAME:apb_w_seq T:Transactions SCOPE:uvm_test_top.apb_uart_env.apb_agent.sequencer STREAM:1208}
  CREATE_STREAM @290 {NAME:u_rx_seq T:Transactions SCOPE:uvm_test_top.apb_uart_env.uart_rx.sequencer STREAM:1211}
  CREATE_STREAM @290 {NAME:apb_w_seq T:Transactions SCOPE:uvm_test_top.apb_uart_env.apb_agent.sequencer STREAM:1208}
  CREATE_STREAM @290 {NAME:u_rx_seq T:Transactions SCOPE:uvm_test_top.apb_uart_env.uart_rx.sequencer STREAM:1211}
  CREATE_STREAM @290 {NAME:apb_w_seq T:Transactions SCOPE:uvm_test_top.apb_uart_env.apb_agent.sequencer STREAM:1208}
  CREATE_STREAM @290 {NAME:u_rx_seq T:Transactions SCOPE:uvm_test_top.apb_uart_env.uart_rx.sequencer STREAM:1211}
  CREATE_STREAM @290 {NAME:apb_w_seq T:Transactions SCOPE:uvm_test_top.apb_uart_env.apb_agent.sequencer STREAM:1208}
  CREATE_STREAM @290 {NAME:u_rx_seq T:Transactions SCOPE:uvm_test_top.apb_uart_env.uart_rx.sequencer STREAM:1211}
  CREATE_STREAM @290 {NAME:apb_w_seq T:Transactions SCOPE:uvm_test_top.apb_uart_env.apb_agent.sequencer STREAM:1208}
  CREATE_STREAM @290 {NAME:u_rx_seq T:Transactions SCOPE:uvm_test_top.apb_uart_env.uart_rx.sequencer STREAM:1211}
  CREATE_STREAM @290 {NAME:apb_w_seq T:Transactions SCOPE:uvm_test_top.apb_uart_env.apb_agent.sequencer STREAM:1208}
  CREATE_STREAM @290 {NAME:u_rx_seq T:Transactions SCOPE:uvm_test_top.apb_uart_env.uart_rx.sequencer STREAM:1211}
  CREATE_STREAM @290 {NAME:apb_w_seq T:Transactions SCOPE:uvm_test_top.apb_uart_env.apb_agent.sequencer STREAM:1208}
  CREATE_STREAM @290 {NAME:u_rx_seq T:Transactions SCOPE:uvm_test_top.apb_uart_env.uart_rx.sequencer STREAM:1211}
  CREATE_STREAM @290 {NAME:apb_w_seq T:Transactions SCOPE:uvm_test_top.apb_uart_env.apb_agent.sequencer STREAM:1208}
  CREATE_STREAM @290 {NAME:u_rx_seq T:Transactions SCOPE:uvm_test_top.apb_uart_env.uart_rx.sequencer STREAM:1211}
  CREATE_STREAM @290 {NAME:apb_w_seq T:Transactions SCOPE:uvm_test_top.apb_uart_env.apb_agent.sequencer STREAM:1218}
  CREATE_STREAM @370 {NAME:u_rx_seq T:Transactions SCOPE:uvm_test_top.apb_uart_env.uart_rx.sequencer STREAM:1238}
  CREATE_STREAM @95790 {NAME:u_tx_seq T:Transactions SCOPE:uvm_test_top.apb_uart_env.uart_tx.sequencer STREAM:1287}
  CREATE_STREAM @184330 {NAME:apb_r_seq T:Transactions SCOPE:uvm_test_top.apb_uart_env.apb_agent.sequencer STREAM:1323}
  CREATE_STREAM @290 {NAME:apb_w_seq T:Transactions SCOPE:uvm_test_top.apb_uart_env.apb_agent.sequencer STREAM:1218}
  CREATE_STREAM @370 {NAME:u_rx_seq T:Transactions SCOPE:uvm_test_top.apb_uart_env.uart_rx.sequencer STREAM:1238}
  CREATE_STREAM @95790 {NAME:u_tx_seq T:Transactions SCOPE:uvm_test_top.apb_uart_env.uart_tx.sequencer STREAM:1287}
  CREATE_STREAM @184330 {NAME:apb_r_seq T:Transactions SCOPE:uvm_test_top.apb_uart_env.apb_agent.sequencer STREAM:1331}
  CREATE_STREAM @290 {NAME:apb_w_seq T:Transactions SCOPE:uvm_test_top.apb_uart_env.apb_agent.sequencer STREAM:1218}
  CREATE_STREAM @370 {NAME:u_rx_seq T:Transactions SCOPE:uvm_test_top.apb_uart_env.uart_rx.sequencer STREAM:1238}
  CREATE_STREAM @95790 {NAME:u_tx_seq T:Transactions SCOPE:uvm_test_top.apb_uart_env.uart_tx.sequencer STREAM:1287}
  CREATE_STREAM @184330 {NAME:apb_r_seq T:Transactions SCOPE:uvm_test_top.apb_uart_env.apb_agent.sequencer STREAM:1323}
  CREATE_STREAM @290 {NAME:apb_w_seq T:Transactions SCOPE:uvm_test_top.apb_uart_env.apb_agent.sequencer STREAM:1208}
  CREATE_STREAM @290 {NAME:u_rx_seq T:Transactions SCOPE:uvm_test_top.apb_uart_env.uart_rx.sequencer STREAM:1211}
  CREATE_STREAM @290 {NAME:apb_w_seq T:Transactions SCOPE:uvm_test_top.apb_uart_env.apb_agent.sequencer STREAM:1208}
  CREATE_STREAM @290 {NAME:u_rx_seq T:Transactions SCOPE:uvm_test_top.apb_uart_env.uart_rx.sequencer STREAM:1211}
  CREATE_STREAM @290 {NAME:apb_w_seq T:Transactions SCOPE:uvm_test_top.apb_uart_env.apb_agent.sequencer STREAM:1208}
  CREATE_STREAM @290 {NAME:u_rx_seq T:Transactions SCOPE:uvm_test_top.apb_uart_env.uart_rx.sequencer STREAM:1211}
  CREATE_STREAM @290 {NAME:apb_w_seq T:Transactions SCOPE:uvm_test_top.apb_uart_env.apb_agent.sequencer STREAM:1208}
  CREATE_STREAM @290 {NAME:u_rx_seq T:Transactions SCOPE:uvm_test_top.apb_uart_env.uart_rx.sequencer STREAM:1211}
  CREATE_STREAM @290 {NAME:apb_w_seq T:Transactions SCOPE:uvm_test_top.apb_uart_env.apb_agent.sequencer STREAM:1208}
  CREATE_STREAM @290 {NAME:u_rx_seq T:Transactions SCOPE:uvm_test_top.apb_uart_env.uart_rx.sequencer STREAM:1211}
  CREATE_STREAM @290 {NAME:apb_w_seq T:Transactions SCOPE:uvm_test_top.apb_uart_env.apb_agent.sequencer STREAM:1218}
  CREATE_STREAM @370 {NAME:u_rx_seq T:Transactions SCOPE:uvm_test_top.apb_uart_env.uart_rx.sequencer STREAM:1238}
  CREATE_STREAM @95790 {NAME:u_tx_seq T:Transactions SCOPE:uvm_test_top.apb_uart_env.uart_tx.sequencer STREAM:1287}
  CREATE_STREAM @184330 {NAME:apb_r_seq T:Transactions SCOPE:uvm_test_top.apb_uart_env.apb_agent.sequencer STREAM:1323}
  CREATE_STREAM @290 {NAME:apb_w_seq T:Transactions SCOPE:uvm_test_top.apb_uart_env.apb_agent.sequencer STREAM:1208}
  CREATE_STREAM @290 {NAME:u_rx_seq T:Transactions SCOPE:uvm_test_top.apb_uart_env.uart_rx.sequencer STREAM:1211}
  CREATE_STREAM @290 {NAME:apb_w_seq T:Transactions SCOPE:uvm_test_top.apb_uart_env.apb_agent.sequencer STREAM:1208}
  CREATE_STREAM @290 {NAME:u_rx_seq T:Transactions SCOPE:uvm_test_top.apb_uart_env.uart_rx.sequencer STREAM:1211}
  CREATE_STREAM @290 {NAME:apb_w_seq T:Transactions SCOPE:uvm_test_top.apb_uart_env.apb_agent.sequencer STREAM:1208}
  CREATE_STREAM @290 {NAME:u_rx_seq T:Transactions SCOPE:uvm_test_top.apb_uart_env.uart_rx.sequencer STREAM:1211}
  CREATE_STREAM @290 {NAME:apb_w_seq T:Transactions SCOPE:uvm_test_top.apb_uart_env.apb_agent.sequencer STREAM:1208}
  CREATE_STREAM @290 {NAME:u_rx_seq T:Transactions SCOPE:uvm_test_top.apb_uart_env.uart_rx.sequencer STREAM:1211}
  CREATE_STREAM @290 {NAME:apb_w_seq T:Transactions SCOPE:uvm_test_top.apb_uart_env.apb_agent.sequencer STREAM:1208}
  CREATE_STREAM @290 {NAME:u_rx_seq T:Transactions SCOPE:uvm_test_top.apb_uart_env.uart_rx.sequencer STREAM:1211}
  CREATE_STREAM @290 {NAME:apb_w_seq T:Transactions SCOPE:uvm_test_top.apb_uart_env.apb_agent.sequencer STREAM:1208}
  CREATE_STREAM @290 {NAME:u_rx_seq T:Transactions SCOPE:uvm_test_top.apb_uart_env.uart_rx.sequencer STREAM:1211}
  CREATE_STREAM @290 {NAME:apb_w_seq T:Transactions SCOPE:uvm_test_top.apb_uart_env.apb_agent.sequencer STREAM:1208}
  CREATE_STREAM @290 {NAME:u_rx_seq T:Transactions SCOPE:uvm_test_top.apb_uart_env.uart_rx.sequencer STREAM:1211}
  CREATE_STREAM @290 {NAME:err_seq T:Transactions SCOPE:uvm_test_top.apb_uart_env.apb_agent.sequencer STREAM:1202}
  CREATE_STREAM @290 {NAME:err_seq T:Transactions SCOPE:uvm_test_top.apb_uart_env.apb_agent.sequencer STREAM:1202}
  CREATE_STREAM @290 {NAME:err_seq T:Transactions SCOPE:uvm_test_top.apb_uart_env.apb_agent.sequencer STREAM:1202}
  CREATE_STREAM @290 {NAME:apb_w_seq T:Transactions SCOPE:uvm_test_top.apb_uart_env.apb_agent.sequencer STREAM:1208}
  CREATE_STREAM @290 {NAME:u_rx_seq T:Transactions SCOPE:uvm_test_top.apb_uart_env.uart_rx.sequencer STREAM:1211}
  CREATE_STREAM @290 {NAME:apb_w_seq T:Transactions SCOPE:uvm_test_top.apb_uart_env.apb_agent.sequencer STREAM:1208}
  CREATE_STREAM @290 {NAME:u_rx_seq T:Transactions SCOPE:uvm_test_top.apb_uart_env.uart_rx.sequencer STREAM:1211}
  CREATE_STREAM @290 {NAME:apb_w_seq T:Transactions SCOPE:uvm_test_top.apb_uart_env.apb_agent.sequencer STREAM:1208}
  CREATE_STREAM @290 {NAME:u_rx_seq T:Transactions SCOPE:uvm_test_top.apb_uart_env.uart_rx.sequencer STREAM:1211}
  CREATE_STREAM @290 {NAME:apb_w_seq T:Transactions SCOPE:uvm_test_top.apb_uart_env.apb_agent.sequencer STREAM:1218}
  CREATE_STREAM @370 {NAME:u_rx_seq T:Transactions SCOPE:uvm_test_top.apb_uart_env.uart_rx.sequencer STREAM:1238}
  CREATE_STREAM @95790 {NAME:u_tx_seq T:Transactions SCOPE:uvm_test_top.apb_uart_env.uart_tx.sequencer STREAM:1287}
  CREATE_STREAM @184330 {NAME:apb_r_seq T:Transactions SCOPE:uvm_test_top.apb_uart_env.apb_agent.sequencer STREAM:1323}
  CREATE_STREAM @290 {NAME:apb_w_seq T:Transactions SCOPE:uvm_test_top.apb_uart_env.apb_agent.sequencer STREAM:1218}
  CREATE_STREAM @370 {NAME:u_rx_seq T:Transactions SCOPE:uvm_test_top.apb_uart_env.uart_rx.sequencer STREAM:1238}
  CREATE_STREAM @95790 {NAME:u_tx_seq T:Transactions SCOPE:uvm_test_top.apb_uart_env.uart_tx.sequencer STREAM:1287}
  CREATE_STREAM @184330 {NAME:apb_r_seq T:Transactions SCOPE:uvm_test_top.apb_uart_env.apb_agent.sequencer STREAM:1323}
  CREATE_STREAM @290 {NAME:apb_w_seq T:Transactions SCOPE:uvm_test_top.apb_uart_env.apb_agent.sequencer STREAM:1218}
  CREATE_STREAM @370 {NAME:u_rx_seq T:Transactions SCOPE:uvm_test_top.apb_uart_env.uart_rx.sequencer STREAM:1238}
  CREATE_STREAM @95790 {NAME:u_tx_seq T:Transactions SCOPE:uvm_test_top.apb_uart_env.uart_tx.sequencer STREAM:1287}
  CREATE_STREAM @184330 {NAME:apb_r_seq T:Transactions SCOPE:uvm_test_top.apb_uart_env.apb_agent.sequencer STREAM:1323}
  CREATE_STREAM @290 {NAME:apb_w_seq T:Transactions SCOPE:uvm_test_top.apb_uart_env.apb_agent.sequencer STREAM:1218}
  CREATE_STREAM @370 {NAME:u_rx_seq T:Transactions SCOPE:uvm_test_top.apb_uart_env.uart_rx.sequencer STREAM:1238}
  CREATE_STREAM @95790 {NAME:u_tx_seq T:Transactions SCOPE:uvm_test_top.apb_uart_env.uart_tx.sequencer STREAM:1287}
  CREATE_STREAM @184330 {NAME:apb_r_seq T:Transactions SCOPE:uvm_test_top.apb_uart_env.apb_agent.sequencer STREAM:1323}
  CREATE_STREAM @290 {NAME:apb_w_seq T:Transactions SCOPE:uvm_test_top.apb_uart_env.apb_agent.sequencer STREAM:1218}
  CREATE_STREAM @370 {NAME:u_rx_seq T:Transactions SCOPE:uvm_test_top.apb_uart_env.uart_rx.sequencer STREAM:1238}
  CREATE_STREAM @95790 {NAME:u_tx_seq T:Transactions SCOPE:uvm_test_top.apb_uart_env.uart_tx.sequencer STREAM:1287}
  CREATE_STREAM @184330 {NAME:apb_r_seq T:Transactions SCOPE:uvm_test_top.apb_uart_env.apb_agent.sequencer STREAM:1323}
  CREATE_STREAM @290 {NAME:apb_w_seq T:Transactions SCOPE:uvm_test_top.apb_uart_env.apb_agent.sequencer STREAM:1218}
  CREATE_STREAM @370 {NAME:u_rx_seq T:Transactions SCOPE:uvm_test_top.apb_uart_env.uart_rx.sequencer STREAM:1238}
  CREATE_STREAM @95790 {NAME:u_tx_seq T:Transactions SCOPE:uvm_test_top.apb_uart_env.uart_tx.sequencer STREAM:1287}
  CREATE_STREAM @184330 {NAME:apb_r_seq T:Transactions SCOPE:uvm_test_top.apb_uart_env.apb_agent.sequencer STREAM:1323}
  CREATE_STREAM @290 {NAME:apb_w_seq T:Transactions SCOPE:uvm_test_top.apb_uart_env.apb_agent.sequencer STREAM:1208}
  CREATE_STREAM @290 {NAME:u_rx_seq T:Transactions SCOPE:uvm_test_top.apb_uart_env.uart_rx.sequencer STREAM:1211}
  CREATE_STREAM @290 {NAME:apb_w_seq T:Transactions SCOPE:uvm_test_top.apb_uart_env.apb_agent.sequencer STREAM:1206}
  CREATE_STREAM @290 {NAME:u_rx_seq T:Transactions SCOPE:uvm_test_top.apb_uart_env.uart_rx.sequencer STREAM:1209}
  CREATE_STREAM @290 {NAME:apb_w_seq T:Transactions SCOPE:uvm_test_top.apb_uart_env.apb_agent.sequencer STREAM:1208}
  CREATE_STREAM @290 {NAME:u_rx_seq T:Transactions SCOPE:uvm_test_top.apb_uart_env.uart_rx.sequencer STREAM:1211}
  CREATE_STREAM @290 {NAME:apb_w_seq T:Transactions SCOPE:uvm_test_top.apb_uart_env.apb_agent.sequencer STREAM:1208}
  CREATE_STREAM @290 {NAME:u_rx_seq T:Transactions SCOPE:uvm_test_top.apb_uart_env.uart_rx.sequencer STREAM:1211}
  CREATE_STREAM @290 {NAME:apb_cfg_seq T:Transactions SCOPE:uvm_test_top.apb_uart_env.apb_agent.sequencer STREAM:1212}
  CREATE_STREAM @370 {NAME:u_tx_seq T:Transactions SCOPE:uvm_test_top.apb_uart_env.uart_tx.sequencer STREAM:1232}
  CREATE_STREAM @80170 {NAME:apb_rdseq T:Transactions SCOPE:uvm_test_top.apb_uart_env.apb_agent.sequencer STREAM:1263}
  CREATE_STREAM @290 {NAME:apb_cfg_seq T:Transactions SCOPE:uvm_test_top.apb_uart_env.apb_agent.sequencer STREAM:1212}
  CREATE_STREAM @370 {NAME:u_tx_seq T:Transactions SCOPE:uvm_test_top.apb_uart_env.uart_tx.sequencer STREAM:1232}
  CREATE_STREAM @80170 {NAME:apb_rdseq T:Transactions SCOPE:uvm_test_top.apb_uart_env.apb_agent.sequencer STREAM:1263}
  CREATE_STREAM @290 {NAME:apb_cfg_seq T:Transactions SCOPE:uvm_test_top.apb_uart_env.apb_agent.sequencer STREAM:1212}
  CREATE_STREAM @370 {NAME:u_tx_seq T:Transactions SCOPE:uvm_test_top.apb_uart_env.uart_tx.sequencer STREAM:1232}
  CREATE_STREAM @80170 {NAME:apb_rdseq T:Transactions SCOPE:uvm_test_top.apb_uart_env.apb_agent.sequencer STREAM:1267}
  CREATE_STREAM @290 {NAME:apb_cfg_seq T:Transactions SCOPE:uvm_test_top.apb_uart_env.apb_agent.sequencer STREAM:1212}
  CREATE_STREAM @370 {NAME:u_tx_seq T:Transactions SCOPE:uvm_test_top.apb_uart_env.uart_tx.sequencer STREAM:1232}
  CREATE_STREAM @80170 {NAME:apb_rdseq T:Transactions SCOPE:uvm_test_top.apb_uart_env.apb_agent.sequencer STREAM:1261}
  CREATE_STREAM @290 {NAME:apb_cfg_seq T:Transactions SCOPE:uvm_test_top.apb_uart_env.apb_agent.sequencer STREAM:1212}
  CREATE_STREAM @370 {NAME:u_tx_seq T:Transactions SCOPE:uvm_test_top.apb_uart_env.uart_tx.sequencer STREAM:1232}
  CREATE_STREAM @80170 {NAME:apb_rdseq T:Transactions SCOPE:uvm_test_top.apb_uart_env.apb_agent.sequencer STREAM:1261}
  CREATE_STREAM @290 {NAME:apb_cfg_seq T:Transactions SCOPE:uvm_test_top.apb_uart_env.apb_agent.sequencer STREAM:1212}
  CREATE_STREAM @370 {NAME:u_tx_seq T:Transactions SCOPE:uvm_test_top.apb_uart_env.uart_tx.sequencer STREAM:1232}
  CREATE_STREAM @80170 {NAME:apb_rdseq T:Transactions SCOPE:uvm_test_top.apb_uart_env.apb_agent.sequencer STREAM:1261}
  CREATE_STREAM @290 {NAME:apb_cfg_seq T:Transactions SCOPE:uvm_test_top.apb_uart_env.apb_agent.sequencer STREAM:1212}
  CREATE_STREAM @370 {NAME:u_tx_seq T:Transactions SCOPE:uvm_test_top.apb_uart_env.uart_tx.sequencer STREAM:1232}
  CREATE_STREAM @80170 {NAME:apb_rdseq T:Transactions SCOPE:uvm_test_top.apb_uart_env.apb_agent.sequencer STREAM:1261}
  CREATE_STREAM @290 {NAME:apb_cfg_seq T:Transactions SCOPE:uvm_test_top.apb_uart_env.apb_agent.sequencer STREAM:1212}
  CREATE_STREAM @370 {NAME:u_tx_seq T:Transactions SCOPE:uvm_test_top.apb_uart_env.uart_tx.sequencer STREAM:1232}
  CREATE_STREAM @80170 {NAME:apb_rdseq T:Transactions SCOPE:uvm_test_top.apb_uart_env.apb_agent.sequencer STREAM:1261}
  CREATE_STREAM @290 {NAME:apb_cfg_seq T:Transactions SCOPE:uvm_test_top.apb_uart_env.apb_agent.sequencer STREAM:1212}
  CREATE_STREAM @370 {NAME:u_tx_seq T:Transactions SCOPE:uvm_test_top.apb_uart_env.uart_tx.sequencer STREAM:1232}
  CREATE_STREAM @80170 {NAME:apb_rdseq T:Transactions SCOPE:uvm_test_top.apb_uart_env.apb_agent.sequencer STREAM:1261}
  CREATE_STREAM @290 {NAME:apb_w_seq T:Transactions SCOPE:uvm_test_top.apb_uart_env.apb_agent.sequencer STREAM:1208}
  CREATE_STREAM @290 {NAME:u_rx_seq T:Transactions SCOPE:uvm_test_top.apb_uart_env.uart_rx.sequencer STREAM:1211}
  CREATE_STREAM @290 {NAME:apb_w_seq T:Transactions SCOPE:uvm_test_top.apb_uart_env.apb_agent.sequencer STREAM:1208}
  CREATE_STREAM @290 {NAME:u_rx_seq T:Transactions SCOPE:uvm_test_top.apb_uart_env.uart_rx.sequencer STREAM:1211}
  CREATE_STREAM @290 {NAME:apb_w_seq T:Transactions SCOPE:uvm_test_top.apb_uart_env.apb_agent.sequencer STREAM:1208}
  CREATE_STREAM @290 {NAME:u_rx_seq T:Transactions SCOPE:uvm_test_top.apb_uart_env.uart_rx.sequencer STREAM:1211}
  CREATE_STREAM @290 {NAME:apb_w_seq T:Transactions SCOPE:uvm_test_top.apb_uart_env.apb_agent.sequencer STREAM:1220}
  CREATE_STREAM @290 {NAME:u_rx_seq T:Transactions SCOPE:uvm_test_top.apb_uart_env.uart_rx.sequencer STREAM:1223}
  CREATE_STREAM @450 {NAME:u_tx_seq T:Transactions SCOPE:uvm_test_top.apb_uart_env.uart_tx.sequencer STREAM:1267}
  CREATE_STREAM @98190 {NAME:apb_r_seq T:Transactions SCOPE:uvm_test_top.apb_uart_env.apb_agent.sequencer STREAM:1308}
  CREATE_STREAM @290 {NAME:apb_w_seq T:Transactions SCOPE:uvm_test_top.apb_uart_env.apb_agent.sequencer STREAM:1220}
  CREATE_STREAM @290 {NAME:u_rx_seq T:Transactions SCOPE:uvm_test_top.apb_uart_env.uart_rx.sequencer STREAM:1223}
  CREATE_STREAM @370 {NAME:u_tx_seq T:Transactions SCOPE:uvm_test_top.apb_uart_env.uart_tx.sequencer STREAM:1253}
  CREATE_STREAM @98190 {NAME:apb_r_seq T:Transactions SCOPE:uvm_test_top.apb_uart_env.apb_agent.sequencer STREAM:1290}
  CREATE_STREAM @290 {NAME:apb_w_seq T:Transactions SCOPE:uvm_test_top.apb_uart_env.apb_agent.sequencer STREAM:1220}
  CREATE_STREAM @290 {NAME:u_rx_seq T:Transactions SCOPE:uvm_test_top.apb_uart_env.uart_rx.sequencer STREAM:1223}
  CREATE_STREAM @370 {NAME:u_tx_seq T:Transactions SCOPE:uvm_test_top.apb_uart_env.uart_tx.sequencer STREAM:1253}
  CREATE_STREAM @98190 {NAME:apb_r_seq T:Transactions SCOPE:uvm_test_top.apb_uart_env.apb_agent.sequencer STREAM:1288}
  CREATE_STREAM @290 {NAME:apb_w_seq T:Transactions SCOPE:uvm_test_top.apb_uart_env.apb_agent.sequencer STREAM:1220}
  CREATE_STREAM @290 {NAME:u_rx_seq T:Transactions SCOPE:uvm_test_top.apb_uart_env.uart_rx.sequencer STREAM:1223}
  CREATE_STREAM @370 {NAME:u_tx_seq T:Transactions SCOPE:uvm_test_top.apb_uart_env.uart_tx.sequencer STREAM:1253}
  CREATE_STREAM @98190 {NAME:apb_r_seq T:Transactions SCOPE:uvm_test_top.apb_uart_env.apb_agent.sequencer STREAM:1288}
  CREATE_STREAM @290 {NAME:apb_w_seq T:Transactions SCOPE:uvm_test_top.apb_uart_env.apb_agent.sequencer STREAM:1220}
  CREATE_STREAM @290 {NAME:u_rx_seq T:Transactions SCOPE:uvm_test_top.apb_uart_env.uart_rx.sequencer STREAM:1223}
  CREATE_STREAM @370 {NAME:u_tx_seq T:Transactions SCOPE:uvm_test_top.apb_uart_env.uart_tx.sequencer STREAM:1253}
  CREATE_STREAM @98090 {NAME:apb_r_seq T:Transactions SCOPE:uvm_test_top.apb_uart_env.apb_agent.sequencer STREAM:1288}
  CREATE_STREAM @290 {NAME:apb_w_seq T:Transactions SCOPE:uvm_test_top.apb_uart_env.apb_agent.sequencer STREAM:1220}
  CREATE_STREAM @290 {NAME:u_rx_seq T:Transactions SCOPE:uvm_test_top.apb_uart_env.uart_rx.sequencer STREAM:1223}
  CREATE_STREAM @370 {NAME:u_tx_seq T:Transactions SCOPE:uvm_test_top.apb_uart_env.uart_tx.sequencer STREAM:1253}
  CREATE_STREAM @98090 {NAME:apb_r_seq T:Transactions SCOPE:uvm_test_top.apb_uart_env.apb_agent.sequencer STREAM:1288}
  CREATE_STREAM @290 {NAME:apb_w_seq T:Transactions SCOPE:uvm_test_top.apb_uart_env.apb_agent.sequencer STREAM:1220}
  CREATE_STREAM @290 {NAME:u_rx_seq T:Transactions SCOPE:uvm_test_top.apb_uart_env.uart_rx.sequencer STREAM:1223}
  CREATE_STREAM @370 {NAME:u_tx_seq T:Transactions SCOPE:uvm_test_top.apb_uart_env.uart_tx.sequencer STREAM:1253}
  CREATE_STREAM @98090 {NAME:apb_r_seq T:Transactions SCOPE:uvm_test_top.apb_uart_env.apb_agent.sequencer STREAM:1288}
  CREATE_STREAM @290 {NAME:apb_w_seq T:Transactions SCOPE:uvm_test_top.apb_uart_env.apb_agent.sequencer STREAM:1220}
  CREATE_STREAM @290 {NAME:u_rx_seq T:Transactions SCOPE:uvm_test_top.apb_uart_env.uart_rx.sequencer STREAM:1223}
  CREATE_STREAM @370 {NAME:u_tx_seq T:Transactions SCOPE:uvm_test_top.apb_uart_env.uart_tx.sequencer STREAM:1253}
  CREATE_STREAM @98090 {NAME:apb_r_seq T:Transactions SCOPE:uvm_test_top.apb_uart_env.apb_agent.sequencer STREAM:1288}
  CREATE_STREAM @290 {NAME:apb_w_seq T:Transactions SCOPE:uvm_test_top.apb_uart_env.apb_agent.sequencer STREAM:1220}
  CREATE_STREAM @290 {NAME:u_rx_seq T:Transactions SCOPE:uvm_test_top.apb_uart_env.uart_rx.sequencer STREAM:1223}
  CREATE_STREAM @370 {NAME:u_tx_seq T:Transactions SCOPE:uvm_test_top.apb_uart_env.uart_tx.sequencer STREAM:1253}
  CREATE_STREAM @98090 {NAME:apb_r_seq T:Transactions SCOPE:uvm_test_top.apb_uart_env.apb_agent.sequencer STREAM:1288}
  CREATE_STREAM @290 {NAME:apb_w_seq T:Transactions SCOPE:uvm_test_top.apb_uart_env.apb_agent.sequencer STREAM:1220}
  CREATE_STREAM @290 {NAME:u_rx_seq T:Transactions SCOPE:uvm_test_top.apb_uart_env.uart_rx.sequencer STREAM:1223}
  CREATE_STREAM @370 {NAME:u_tx_seq T:Transactions SCOPE:uvm_test_top.apb_uart_env.uart_tx.sequencer STREAM:1253}
  CREATE_STREAM @98090 {NAME:apb_r_seq T:Transactions SCOPE:uvm_test_top.apb_uart_env.apb_agent.sequencer STREAM:1288}
  CREATE_STREAM @290 {NAME:apb_w_seq T:Transactions SCOPE:uvm_test_top.apb_uart_env.apb_agent.sequencer STREAM:1220}
  CREATE_STREAM @290 {NAME:u_rx_seq T:Transactions SCOPE:uvm_test_top.apb_uart_env.uart_rx.sequencer STREAM:1223}
  CREATE_STREAM @370 {NAME:u_tx_seq T:Transactions SCOPE:uvm_test_top.apb_uart_env.uart_tx.sequencer STREAM:1253}
  CREATE_STREAM @98090 {NAME:apb_r_seq T:Transactions SCOPE:uvm_test_top.apb_uart_env.apb_agent.sequencer STREAM:1288}
  CREATE_STREAM @290 {NAME:apb_w_seq T:Transactions SCOPE:uvm_test_top.apb_uart_env.apb_agent.sequencer STREAM:1216}
  CREATE_STREAM @290 {NAME:u_rx_seq T:Transactions SCOPE:uvm_test_top.apb_uart_env.uart_rx.sequencer STREAM:1219}
  CREATE_STREAM @370 {NAME:u_tx_seq T:Transactions SCOPE:uvm_test_top.apb_uart_env.uart_tx.sequencer STREAM:1247}
  CREATE_STREAM @370 {NAME:apb_r_seq T:Transactions SCOPE:uvm_test_top.apb_uart_env.apb_agent.sequencer STREAM:1250}
  CREATE_STREAM @290 {NAME:apb_w_seq T:Transactions SCOPE:uvm_test_top.apb_uart_env.apb_agent.sequencer STREAM:1216}
  CREATE_STREAM @290 {NAME:u_rx_seq T:Transactions SCOPE:uvm_test_top.apb_uart_env.uart_rx.sequencer STREAM:1219}
  CREATE_STREAM @370 {NAME:u_tx_seq T:Transactions SCOPE:uvm_test_top.apb_uart_env.uart_tx.sequencer STREAM:1247}
  CREATE_STREAM @290 {NAME:apb_w_seq T:Transactions SCOPE:uvm_test_top.apb_uart_env.apb_agent.sequencer STREAM:1216}
  CREATE_STREAM @290 {NAME:u_rx_seq T:Transactions SCOPE:uvm_test_top.apb_uart_env.uart_rx.sequencer STREAM:1219}
  CREATE_STREAM @370 {NAME:u_tx_seq T:Transactions SCOPE:uvm_test_top.apb_uart_env.uart_tx.sequencer STREAM:1247}
  CREATE_STREAM @380 {NAME:apb_r_seq T:Transactions SCOPE:uvm_test_top.apb_uart_env.apb_agent.sequencer STREAM:1265}
  CREATE_STREAM @290 {NAME:apb_w_seq T:Transactions SCOPE:uvm_test_top.apb_uart_env.apb_agent.sequencer STREAM:1216}
  CREATE_STREAM @290 {NAME:u_rx_seq T:Transactions SCOPE:uvm_test_top.apb_uart_env.uart_rx.sequencer STREAM:1219}
  CREATE_STREAM @370 {NAME:u_tx_seq T:Transactions SCOPE:uvm_test_top.apb_uart_env.uart_tx.sequencer STREAM:1247}
  CREATE_STREAM @8510 {NAME:apb_r_seq T:Transactions SCOPE:uvm_test_top.apb_uart_env.apb_agent.sequencer STREAM:1265}
  CREATE_STREAM @290 {NAME:apb_w_seq T:Transactions SCOPE:uvm_test_top.apb_uart_env.apb_agent.sequencer STREAM:1216}
  CREATE_STREAM @290 {NAME:u_rx_seq T:Transactions SCOPE:uvm_test_top.apb_uart_env.uart_rx.sequencer STREAM:1219}
  CREATE_STREAM @370 {NAME:u_tx_seq T:Transactions SCOPE:uvm_test_top.apb_uart_env.uart_tx.sequencer STREAM:1247}
  CREATE_STREAM @380 {NAME:apb_r_seq T:Transactions SCOPE:uvm_test_top.apb_uart_env.apb_agent.sequencer STREAM:1265}
  CREATE_STREAM @290 {NAME:apb_w_seq T:Transactions SCOPE:uvm_test_top.apb_uart_env.apb_agent.sequencer STREAM:1220}
  CREATE_STREAM @290 {NAME:u_rx_seq T:Transactions SCOPE:uvm_test_top.apb_uart_env.uart_rx.sequencer STREAM:1223}
  CREATE_STREAM @370 {NAME:u_tx_seq T:Transactions SCOPE:uvm_test_top.apb_uart_env.uart_tx.sequencer STREAM:1253}
  CREATE_STREAM @290 {NAME:apb_w_seq T:Transactions SCOPE:uvm_test_top.apb_uart_env.apb_agent.sequencer STREAM:1220}
  CREATE_STREAM @290 {NAME:u_rx_seq T:Transactions SCOPE:uvm_test_top.apb_uart_env.uart_rx.sequencer STREAM:1223}
  CREATE_STREAM @370 {NAME:u_tx_seq T:Transactions SCOPE:uvm_test_top.apb_uart_env.uart_tx.sequencer STREAM:1253}
  CREATE_STREAM @290 {NAME:apb_w_seq T:Transactions SCOPE:uvm_test_top.apb_uart_env.apb_agent.sequencer STREAM:1220}
  CREATE_STREAM @290 {NAME:u_rx_seq T:Transactions SCOPE:uvm_test_top.apb_uart_env.uart_rx.sequencer STREAM:1223}
  CREATE_STREAM @370 {NAME:u_tx_seq T:Transactions SCOPE:uvm_test_top.apb_uart_env.uart_tx.sequencer STREAM:1253}
  CREATE_STREAM @98090 {NAME:apb_r_seq T:Transactions SCOPE:uvm_test_top.apb_uart_env.apb_agent.sequencer STREAM:1288}
  CREATE_STREAM @290 {NAME:apb_w_seq T:Transactions SCOPE:uvm_test_top.apb_uart_env.apb_agent.sequencer STREAM:1220}
  CREATE_STREAM @290 {NAME:u_rx_seq T:Transactions SCOPE:uvm_test_top.apb_uart_env.uart_rx.sequencer STREAM:1223}
  CREATE_STREAM @370 {NAME:u_tx_seq T:Transactions SCOPE:uvm_test_top.apb_uart_env.uart_tx.sequencer STREAM:1253}
  CREATE_STREAM @290 {NAME:apb_w_seq T:Transactions SCOPE:uvm_test_top.apb_uart_env.apb_agent.sequencer STREAM:1220}
  CREATE_STREAM @290 {NAME:u_rx_seq T:Transactions SCOPE:uvm_test_top.apb_uart_env.uart_rx.sequencer STREAM:1223}
  CREATE_STREAM @370 {NAME:u_tx_seq T:Transactions SCOPE:uvm_test_top.apb_uart_env.uart_tx.sequencer STREAM:1253}
  CREATE_STREAM @370 {NAME:poll_seq T:Transactions SCOPE:uvm_test_top.apb_uart_env.apb_agent.sequencer STREAM:1262}
  CREATE_STREAM @290 {NAME:apb_w_seq T:Transactions SCOPE:uvm_test_top.apb_uart_env.apb_agent.sequencer STREAM:1220}
  CREATE_STREAM @290 {NAME:u_rx_seq T:Transactions SCOPE:uvm_test_top.apb_uart_env.uart_rx.sequencer STREAM:1223}
  CREATE_STREAM @370 {NAME:u_tx_seq T:Transactions SCOPE:uvm_test_top.apb_uart_env.uart_tx.sequencer STREAM:1253}
  CREATE_STREAM @370 {NAME:poll_seq T:Transactions SCOPE:uvm_test_top.apb_uart_env.apb_agent.sequencer STREAM:1262}
  CREATE_STREAM @290 {NAME:apb_w_seq T:Transactions SCOPE:uvm_test_top.apb_uart_env.apb_agent.sequencer STREAM:1220}
  CREATE_STREAM @290 {NAME:u_rx_seq T:Transactions SCOPE:uvm_test_top.apb_uart_env.uart_rx.sequencer STREAM:1223}
  CREATE_STREAM @370 {NAME:u_tx_seq T:Transactions SCOPE:uvm_test_top.apb_uart_env.uart_tx.sequencer STREAM:1253}
  CREATE_STREAM @370 {NAME:poll_seq T:Transactions SCOPE:uvm_test_top.apb_uart_env.apb_agent.sequencer STREAM:1262}
  CREATE_STREAM @0 {NAME:apb_w_seq T:Transactions SCOPE:uvm_test_top.apb_uart_env.apb_agent.sequencer STREAM:1139}
  CREATE_STREAM @170 {NAME:u_tx_seq T:Transactions SCOPE:uvm_test_top.apb_uart_env.uart_tx.sequencer STREAM:1236}
  CREATE_STREAM @170 {NAME:poll_seq T:Transactions SCOPE:uvm_test_top.apb_uart_env.apb_agent.sequencer STREAM:1245}
  CREATE_STREAM @0 {NAME:cfg_seq T:Transactions SCOPE:uvm_test_top.apb_uart_env.apb_agent.sequencer STREAM:1131}
  CREATE_STREAM @170 {NAME:u_tx_seq T:Transactions SCOPE:uvm_test_top.apb_uart_env.uart_tx.sequencer STREAM:1226}
  CREATE_STREAM @170 {NAME:poll_seq T:Transactions SCOPE:uvm_test_top.apb_uart_env.apb_agent.sequencer STREAM:1235}
  CREATE_STREAM @290 {NAME:apb_w_seq T:Transactions SCOPE:uvm_test_top.apb_uart_env.apb_agent.sequencer STREAM:1216}
  CREATE_STREAM @290 {NAME:u_rx_seq T:Transactions SCOPE:uvm_test_top.apb_uart_env.uart_rx.sequencer STREAM:1219}
  CREATE_STREAM @370 {NAME:apb_r_seq T:Transactions SCOPE:uvm_test_top.apb_uart_env.apb_agent.sequencer STREAM:1247}
  CREATE_STREAM @450 {NAME:u_tx_seq T:Transactions SCOPE:uvm_test_top.apb_uart_env.uart_tx.sequencer STREAM:1263}
  CREATE_STREAM @0 {NAME:cfg_seq T:Transactions SCOPE:uvm_test_top.apb_uart_env.apb_agent.sequencer STREAM:1131}
  CREATE_STREAM @170 {NAME:u_tx_seq T:Transactions SCOPE:uvm_test_top.apb_uart_env.uart_tx.sequencer STREAM:1226}
  CREATE_STREAM @170 {NAME:poll_seq T:Transactions SCOPE:uvm_test_top.apb_uart_env.apb_agent.sequencer STREAM:1236}
  CREATE_STREAM @0 {NAME:cfg_seq T:Transactions SCOPE:uvm_test_top.apb_uart_env.apb_agent.sequencer STREAM:1137}
  CREATE_STREAM @170 {NAME:u_tx_seq T:Transactions SCOPE:uvm_test_top.apb_uart_env.uart_tx.sequencer STREAM:1232}
  CREATE_STREAM @0 {NAME:cfg_seq T:Transactions SCOPE:uvm_test_top.apb_uart_env.apb_agent.sequencer STREAM:1131}
  CREATE_STREAM @170 {NAME:u_tx_seq T:Transactions SCOPE:uvm_test_top.apb_uart_env.uart_tx.sequencer STREAM:1226}
  CREATE_STREAM @170 {NAME:poll_seq T:Transactions SCOPE:uvm_test_top.apb_uart_env.apb_agent.sequencer STREAM:1236}
  CREATE_STREAM @290 {NAME:apb_w_seq T:Transactions SCOPE:uvm_test_top.apb_uart_env.apb_agent.sequencer STREAM:1220}
  CREATE_STREAM @290 {NAME:u_rx_seq T:Transactions SCOPE:uvm_test_top.apb_uart_env.uart_rx.sequencer STREAM:1223}
  CREATE_STREAM @370 {NAME:u_tx_seq T:Transactions SCOPE:uvm_test_top.apb_uart_env.uart_tx.sequencer STREAM:1253}
  CREATE_STREAM @370 {NAME:poll_seq T:Transactions SCOPE:uvm_test_top.apb_uart_env.apb_agent.sequencer STREAM:1263}
  CREATE_STREAM @0 {NAME:apb_w_seq T:Transactions SCOPE:uvm_test_top.apb_uart_env.apb_agent.sequencer STREAM:1139}
  CREATE_STREAM @170 {NAME:u_tx_seq T:Transactions SCOPE:uvm_test_top.apb_uart_env.uart_tx.sequencer STREAM:1236}
  CREATE_STREAM @170 {NAME:poll_seq T:Transactions SCOPE:uvm_test_top.apb_uart_env.apb_agent.sequencer STREAM:1246}
  CREATE_STREAM @290 {NAME:apb_w_seq T:Transactions SCOPE:uvm_test_top.apb_uart_env.apb_agent.sequencer STREAM:1218}
  CREATE_STREAM @370 {NAME:u_rx_seq T:Transactions SCOPE:uvm_test_top.apb_uart_env.uart_rx.sequencer STREAM:1238}
  CREATE_STREAM @95790 {NAME:u_tx_seq T:Transactions SCOPE:uvm_test_top.apb_uart_env.uart_tx.sequencer STREAM:1287}
  CREATE_STREAM @184330 {NAME:apb_r_seq T:Transactions SCOPE:uvm_test_top.apb_uart_env.apb_agent.sequencer STREAM:1323}
  CREATE_STREAM @290 {NAME:apb_w_seq T:Transactions SCOPE:uvm_test_top.apb_uart_env.apb_agent.sequencer STREAM:1218}
  CREATE_STREAM @370 {NAME:u_rx_seq T:Transactions SCOPE:uvm_test_top.apb_uart_env.uart_rx.sequencer STREAM:1238}
  CREATE_STREAM @95790 {NAME:u_tx_seq T:Transactions SCOPE:uvm_test_top.apb_uart_env.uart_tx.sequencer STREAM:1287}
  CREATE_STREAM @184330 {NAME:apb_r_seq T:Transactions SCOPE:uvm_test_top.apb_uart_env.apb_agent.sequencer STREAM:1323}
  CREATE_STREAM @290 {NAME:apb_w_seq T:Transactions SCOPE:uvm_test_top.apb_uart_env.apb_agent.sequencer STREAM:1218}
  CREATE_STREAM @370 {NAME:u_rx_seq T:Transactions SCOPE:uvm_test_top.apb_uart_env.uart_rx.sequencer STREAM:1238}
  CREATE_STREAM @95790 {NAME:u_tx_seq T:Transactions SCOPE:uvm_test_top.apb_uart_env.uart_tx.sequencer STREAM:1287}
  CREATE_STREAM @184330 {NAME:apb_r_seq T:Transactions SCOPE:uvm_test_top.apb_uart_env.apb_agent.sequencer STREAM:1323}
  CREATE_STREAM @290 {NAME:apb_w_seq T:Transactions SCOPE:uvm_test_top.apb_uart_env.apb_agent.sequencer STREAM:1208}
  CREATE_STREAM @290 {NAME:u_rx_seq T:Transactions SCOPE:uvm_test_top.apb_uart_env.uart_rx.sequencer STREAM:1211}
  CREATE_STREAM @290 {NAME:apb_w_seq T:Transactions SCOPE:uvm_test_top.apb_uart_env.apb_agent.sequencer STREAM:1208}
  CREATE_STREAM @290 {NAME:u_rx_seq T:Transactions SCOPE:uvm_test_top.apb_uart_env.uart_rx.sequencer STREAM:1211}
  CREATE_STREAM @290 {NAME:err_seq T:Transactions SCOPE:uvm_test_top.apb_uart_env.apb_agent.sequencer STREAM:1202}
  CREATE_STREAM @290 {NAME:apb_w_seq T:Transactions SCOPE:uvm_test_top.apb_uart_env.apb_agent.sequencer STREAM:1206}
  CREATE_STREAM @290 {NAME:u_rx_seq T:Transactions SCOPE:uvm_test_top.apb_uart_env.uart_rx.sequencer STREAM:1209}
  CREATE_STREAM @290 {NAME:apb_cfg_seq T:Transactions SCOPE:uvm_test_top.apb_uart_env.apb_agent.sequencer STREAM:1212}
  CREATE_STREAM @370 {NAME:u_tx_seq T:Transactions SCOPE:uvm_test_top.apb_uart_env.uart_tx.sequencer STREAM:1232}
  CREATE_STREAM @80170 {NAME:apb_rdseq T:Transactions SCOPE:uvm_test_top.apb_uart_env.apb_agent.sequencer STREAM:1261}
  CREATE_STREAM @290 {NAME:apb_w_seq T:Transactions SCOPE:uvm_test_top.apb_uart_env.apb_agent.sequencer STREAM:1212}
  CREATE_STREAM @370 {NAME:u_tx_seq T:Transactions SCOPE:uvm_test_top.apb_uart_env.uart_tx.sequencer STREAM:1234}
  CREATE_STREAM @290 {NAME:apb_w_seq T:Transactions SCOPE:uvm_test_top.apb_uart_env.apb_agent.sequencer STREAM:1212}
  CREATE_STREAM @370 {NAME:u_tx_seq T:Transactions SCOPE:uvm_test_top.apb_uart_env.uart_tx.sequencer STREAM:1234}
  CREATE_STREAM @370 {NAME:poll_seq T:Transactions SCOPE:uvm_test_top.apb_uart_env.apb_agent.sequencer STREAM:1244}
  CREATE_STREAM @290 {NAME:apb_w_seq T:Transactions SCOPE:uvm_test_top.apb_uart_env.apb_agent.sequencer STREAM:1212}
  CREATE_STREAM @370 {NAME:u_tx_seq T:Transactions SCOPE:uvm_test_top.apb_uart_env.uart_tx.sequencer STREAM:1234}
  CREATE_STREAM @370 {NAME:poll_seq T:Transactions SCOPE:uvm_test_top.apb_uart_env.apb_agent.sequencer STREAM:1244}
  CREATE_STREAM @290 {NAME:cfg_seq T:Transactions SCOPE:uvm_test_top.apb_uart_env.apb_agent.sequencer STREAM:1204}
  CREATE_STREAM @108707 {NAME:chk_seq T:Transactions SCOPE:uvm_test_top.apb_uart_env.apb_agent.sequencer STREAM:1230}
  CREATE_STREAM @290 {NAME:cfg_seq T:Transactions SCOPE:uvm_test_top.apb_uart_env.apb_agent.sequencer STREAM:1204}
  CREATE_STREAM @108707 {NAME:chk_seq T:Transactions SCOPE:uvm_test_top.apb_uart_env.apb_agent.sequencer STREAM:1230}
  CREATE_STREAM @290 {NAME:cfg_seq T:Transactions SCOPE:uvm_test_top.apb_uart_env.apb_agent.sequencer STREAM:1204}
  CREATE_STREAM @108707 {NAME:chk_seq T:Transactions SCOPE:uvm_test_top.apb_uart_env.apb_agent.sequencer STREAM:1230}
  CREATE_STREAM @290 {NAME:cfg_seq T:Transactions SCOPE:uvm_test_top.apb_uart_env.apb_agent.sequencer STREAM:1204}
  CREATE_STREAM @108707 {NAME:chk_seq T:Transactions SCOPE:uvm_test_top.apb_uart_env.apb_agent.sequencer STREAM:1230}
  CREATE_STREAM @290 {NAME:cfg_seq T:Transactions SCOPE:uvm_test_top.apb_uart_env.apb_agent.sequencer STREAM:1204}
  CREATE_STREAM @108707 {NAME:chk_seq T:Transactions SCOPE:uvm_test_top.apb_uart_env.apb_agent.sequencer STREAM:1231}
  CREATE_STREAM @290 {NAME:apb_w_seq T:Transactions SCOPE:uvm_test_top.apb_uart_env.apb_agent.sequencer STREAM:1210}
  CREATE_STREAM @370 {NAME:apb_r_seq T:Transactions SCOPE:uvm_test_top.apb_uart_env.apb_agent.sequencer STREAM:1230}
  CREATE_STREAM @450 {NAME:apb_err_seq T:Transactions SCOPE:uvm_test_top.apb_uart_env.apb_agent.sequencer STREAM:1246}
  CREATE_STREAM @290 {NAME:apb_w_seq T:Transactions SCOPE:uvm_test_top.apb_uart_env.apb_agent.sequencer STREAM:1206}
  CREATE_STREAM @570 {NAME:apb_r_seq T:Transactions SCOPE:uvm_test_top.apb_uart_env.apb_agent.sequencer STREAM:1226}
  CREATE_STREAM @290 {NAME:apb_w_seq T:Transactions SCOPE:uvm_test_top.apb_uart_env.apb_agent.sequencer STREAM:1206}
  CREATE_STREAM @570 {NAME:apb_r_seq T:Transactions SCOPE:uvm_test_top.apb_uart_env.apb_agent.sequencer STREAM:1226}
  CREATE_STREAM @290 {NAME:apb_w_seq T:Transactions SCOPE:uvm_test_top.apb_uart_env.apb_agent.sequencer STREAM:1206}
  CREATE_STREAM @570 {NAME:apb_r_seq T:Transactions SCOPE:uvm_test_top.apb_uart_env.apb_agent.sequencer STREAM:1226}
  CREATE_STREAM @290 {NAME:apb_w_seq T:Transactions SCOPE:uvm_test_top.apb_uart_env.apb_agent.sequencer STREAM:1212}
  CREATE_STREAM @570 {NAME:apb_r_seq T:Transactions SCOPE:uvm_test_top.apb_uart_env.apb_agent.sequencer STREAM:1232}
  CREATE_STREAM @290 {NAME:apb_w_seq T:Transactions SCOPE:uvm_test_top.apb_uart_env.apb_agent.sequencer STREAM:1206}
  CREATE_STREAM @570 {NAME:apb_r_seq T:Transactions SCOPE:uvm_test_top.apb_uart_env.apb_agent.sequencer STREAM:1226}
  CREATE_STREAM @290 {NAME:apb_w_seq T:Transactions SCOPE:uvm_test_top.apb_uart_env.apb_agent.sequencer STREAM:1204}
  CREATE_STREAM @108707 {NAME:apb_r_seq T:Transactions SCOPE:uvm_test_top.apb_uart_env.apb_agent.sequencer STREAM:1231}
  CREATE_STREAM @290 {NAME:cfg_seq T:Transactions SCOPE:uvm_test_top.apb_uart_env.apb_agent.sequencer STREAM:1216}
  CREATE_STREAM @370 {NAME:wr_seq T:Transactions SCOPE:uvm_test_top.apb_uart_env.apb_agent.sequencer STREAM:1236}
  CREATE_STREAM @930 {NAME:chk_seq T:Transactions SCOPE:uvm_test_top.apb_uart_env.apb_agent.sequencer STREAM:1271}
  CREATE_STREAM @290 {NAME:apb_w_seq T:Transactions SCOPE:uvm_test_top.apb_uart_env.apb_agent.sequencer STREAM:1204}
  CREATE_STREAM @930 {NAME:apb_r_seq T:Transactions SCOPE:uvm_test_top.apb_uart_env.apb_agent.sequencer STREAM:1257}
  CREATE_STREAM @290 {NAME:apb_w_seq T:Transactions SCOPE:uvm_test_top.apb_uart_env.apb_agent.sequencer STREAM:1218}
  CREATE_STREAM @370 {NAME:u_rx_seq T:Transactions SCOPE:uvm_test_top.apb_uart_env.uart_rx.sequencer STREAM:1238}
  CREATE_STREAM @290 {NAME:apb_w_seq T:Transactions SCOPE:uvm_test_top.apb_uart_env.apb_agent.sequencer STREAM:1218}
  CREATE_STREAM @350 {NAME:u_rx_seq T:Transactions SCOPE:uvm_test_top.apb_uart_env.uart_rx.sequencer STREAM:1230}
  CREATE_STREAM @290 {NAME:apb_w_seq T:Transactions SCOPE:uvm_test_top.apb_uart_env.apb_agent.sequencer STREAM:1218}
  CREATE_STREAM @370 {NAME:u_rx_seq T:Transactions SCOPE:uvm_test_top.apb_uart_env.uart_rx.sequencer STREAM:1238}
  CREATE_STREAM @104490 {NAME:u_tx_seq T:Transactions SCOPE:uvm_test_top.apb_uart_env.uart_tx.sequencer STREAM:1310}
  CREATE_STREAM @202250 {NAME:apb_r_seq T:Transactions SCOPE:uvm_test_top.apb_uart_env.apb_agent.sequencer STREAM:1355}
  CREATE_STREAM @290 {NAME:apb_w_seq T:Transactions SCOPE:uvm_test_top.apb_uart_env.apb_agent.sequencer STREAM:1208}
  CREATE_STREAM @290 {NAME:u_rx_seq T:Transactions SCOPE:uvm_test_top.apb_uart_env.uart_rx.sequencer STREAM:1211}
  CREATE_STREAM @290 {NAME:apb_w_seq T:Transactions SCOPE:uvm_test_top.apb_uart_env.apb_agent.sequencer STREAM:1208}
  CREATE_STREAM @290 {NAME:u_rx_seq T:Transactions SCOPE:uvm_test_top.apb_uart_env.uart_rx.sequencer STREAM:1211}
  CREATE_STREAM @290 {NAME:apb_w_seq T:Transactions SCOPE:uvm_test_top.apb_uart_env.apb_agent.sequencer STREAM:1208}
  CREATE_STREAM @290 {NAME:u_rx_seq T:Transactions SCOPE:uvm_test_top.apb_uart_env.uart_rx.sequencer STREAM:1211}
  CREATE_STREAM @290 {NAME:apb_w_seq T:Transactions SCOPE:uvm_test_top.apb_uart_env.apb_agent.sequencer STREAM:1210}
  CREATE_STREAM @370 {NAME:apb_r_seq T:Transactions SCOPE:uvm_test_top.apb_uart_env.apb_agent.sequencer STREAM:1230}
  CREATE_STREAM @450 {NAME:apb_err_seq T:Transactions SCOPE:uvm_test_top.apb_uart_env.apb_agent.sequencer STREAM:1248}
  CREATE_STREAM @290 {NAME:apb_w_seq T:Transactions SCOPE:uvm_test_top.apb_uart_env.apb_agent.sequencer STREAM:1210}
  CREATE_STREAM @370 {NAME:apb_r_seq T:Transactions SCOPE:uvm_test_top.apb_uart_env.apb_agent.sequencer STREAM:1230}
  CREATE_STREAM @450 {NAME:apb_err_seq T:Transactions SCOPE:uvm_test_top.apb_uart_env.apb_agent.sequencer STREAM:1246}
  CREATE_STREAM @290 {NAME:apb_w_seq T:Transactions SCOPE:uvm_test_top.apb_uart_env.apb_agent.sequencer STREAM:1210}
  CREATE_STREAM @370 {NAME:apb_r_seq T:Transactions SCOPE:uvm_test_top.apb_uart_env.apb_agent.sequencer STREAM:1230}
  CREATE_STREAM @450 {NAME:apb_err_seq T:Transactions SCOPE:uvm_test_top.apb_uart_env.apb_agent.sequencer STREAM:1246}
  CREATE_STREAM @290 {NAME:apb_w_seq T:Transactions SCOPE:uvm_test_top.apb_uart_env.apb_agent.sequencer STREAM:1210}
  CREATE_STREAM @370 {NAME:apb_r_seq T:Transactions SCOPE:uvm_test_top.apb_uart_env.apb_agent.sequencer STREAM:1230}
  CREATE_STREAM @450 {NAME:apb_err_seq T:Transactions SCOPE:uvm_test_top.apb_uart_env.apb_agent.sequencer STREAM:1246}
  CREATE_STREAM @290 {NAME:apb_w_seq T:Transactions SCOPE:uvm_test_top.apb_uart_env.apb_agent.sequencer STREAM:1210}
  CREATE_STREAM @370 {NAME:apb_r_seq T:Transactions SCOPE:uvm_test_top.apb_uart_env.apb_agent.sequencer STREAM:1230}
  CREATE_STREAM @450 {NAME:apb_err_seq T:Transactions SCOPE:uvm_test_top.apb_uart_env.apb_agent.sequencer STREAM:1246}
  CREATE_STREAM @290 {NAME:apb_w_seq T:Transactions SCOPE:uvm_test_top.apb_uart_env.apb_agent.sequencer STREAM:1210}
  CREATE_STREAM @370 {NAME:u_tx_seq T:Transactions SCOPE:uvm_test_top.apb_uart_env.uart_tx.sequencer STREAM:1230}
  CREATE_STREAM @80170 {NAME:apb_r_seq T:Transactions SCOPE:uvm_test_top.apb_uart_env.apb_agent.sequencer STREAM:1259}
  CREATE_STREAM @290 {NAME:apb_w_seq T:Transactions SCOPE:uvm_test_top.apb_uart_env.apb_agent.sequencer STREAM:1210}
  CREATE_STREAM @370 {NAME:u_tx_seq T:Transactions SCOPE:uvm_test_top.apb_uart_env.uart_tx.sequencer STREAM:1230}
  CREATE_STREAM @80170 {NAME:apb_r_seq T:Transactions SCOPE:uvm_test_top.apb_uart_env.apb_agent.sequencer STREAM:1259}
  CREATE_STREAM @290 {NAME:apb_w_seq T:Transactions SCOPE:uvm_test_top.apb_uart_env.apb_agent.sequencer STREAM:1210}
  CREATE_STREAM @370 {NAME:u_tx_seq T:Transactions SCOPE:uvm_test_top.apb_uart_env.uart_tx.sequencer STREAM:1230}
  CREATE_STREAM @80170 {NAME:apb_r_seq T:Transactions SCOPE:uvm_test_top.apb_uart_env.apb_agent.sequencer STREAM:1259}
  CREATE_STREAM @290 {NAME:apb_w_seq T:Transactions SCOPE:uvm_test_top.apb_uart_env.apb_agent.sequencer STREAM:1204}
  CREATE_STREAM @108707 {NAME:apb_r_seq T:Transactions SCOPE:uvm_test_top.apb_uart_env.apb_agent.sequencer STREAM:1231}
  CREATE_STREAM @290 {NAME:apb_w_seq T:Transactions SCOPE:uvm_test_top.apb_uart_env.apb_agent.sequencer STREAM:1212}
  CREATE_STREAM @370 {NAME:u_tx_seq T:Transactions SCOPE:uvm_test_top.apb_uart_env.uart_tx.sequencer STREAM:1234}
  CREATE_STREAM @370 {NAME:poll_seq T:Transactions SCOPE:uvm_test_top.apb_uart_env.apb_agent.sequencer STREAM:1244}
  CREATE_STREAM @290 {NAME:apb_w_seq T:Transactions SCOPE:uvm_test_top.apb_uart_env.apb_agent.sequencer STREAM:1210}
  CREATE_STREAM @370 {NAME:apb_r_seq T:Transactions SCOPE:uvm_test_top.apb_uart_env.apb_agent.sequencer STREAM:1230}
  CREATE_STREAM @450 {NAME:apb_err_seq T:Transactions SCOPE:uvm_test_top.apb_uart_env.apb_agent.sequencer STREAM:1246}
  CREATE_STREAM @290 {NAME:apb_w_seq T:Transactions SCOPE:uvm_test_top.apb_uart_env.apb_agent.sequencer STREAM:1218}
  CREATE_STREAM @370 {NAME:u_rx_seq T:Transactions SCOPE:uvm_test_top.apb_uart_env.uart_rx.sequencer STREAM:1238}
  CREATE_STREAM @95790 {NAME:u_tx_seq T:Transactions SCOPE:uvm_test_top.apb_uart_env.uart_tx.sequencer STREAM:1297}
  CREATE_STREAM @184330 {NAME:apb_r_seq T:Transactions SCOPE:uvm_test_top.apb_uart_env.apb_agent.sequencer STREAM:1343}
  CREATE_STREAM @290 {NAME:apb_w_seq T:Transactions SCOPE:uvm_test_top.apb_uart_env.apb_agent.sequencer STREAM:1218}
  CREATE_STREAM @350 {NAME:u_rx_seq T:Transactions SCOPE:uvm_test_top.apb_uart_env.uart_rx.sequencer STREAM:1230}
  CREATE_STREAM @290 {NAME:apb_w_seq T:Transactions SCOPE:uvm_test_top.apb_uart_env.apb_agent.sequencer STREAM:1208}
  CREATE_STREAM @290 {NAME:u_rx_seq T:Transactions SCOPE:uvm_test_top.apb_uart_env.uart_rx.sequencer STREAM:1211}
  CREATE_STREAM @290 {NAME:apb_w_seq T:Transactions SCOPE:uvm_test_top.apb_uart_env.apb_agent.sequencer STREAM:1208}
  CREATE_STREAM @290 {NAME:u_rx_seq T:Transactions SCOPE:uvm_test_top.apb_uart_env.uart_rx.sequencer STREAM:1211}
  CREATE_STREAM @290 {NAME:apb_w_seq T:Transactions SCOPE:uvm_test_top.apb_uart_env.apb_agent.sequencer STREAM:1208}
  CREATE_STREAM @290 {NAME:u_rx_seq T:Transactions SCOPE:uvm_test_top.apb_uart_env.uart_rx.sequencer STREAM:1211}
  CREATE_STREAM @290 {NAME:apb_w_seq T:Transactions SCOPE:uvm_test_top.apb_uart_env.apb_agent.sequencer STREAM:1210}
  CREATE_STREAM @370 {NAME:u_tx_seq T:Transactions SCOPE:uvm_test_top.apb_uart_env.uart_tx.sequencer STREAM:1230}
  CREATE_STREAM @80170 {NAME:apb_r_seq T:Transactions SCOPE:uvm_test_top.apb_uart_env.apb_agent.sequencer STREAM:1259}
  CREATE_STREAM @290 {NAME:apb_w_seq T:Transactions SCOPE:uvm_test_top.apb_uart_env.apb_agent.sequencer STREAM:1212}
  CREATE_STREAM @370 {NAME:u_tx_seq T:Transactions SCOPE:uvm_test_top.apb_uart_env.uart_tx.sequencer STREAM:1232}
  CREATE_STREAM @80170 {NAME:apb_rdseq T:Transactions SCOPE:uvm_test_top.apb_uart_env.apb_agent.sequencer STREAM:1261}
  CREATE_STREAM @290 {NAME:apb_w_seq T:Transactions SCOPE:uvm_test_top.apb_uart_env.apb_agent.sequencer STREAM:1218}
  CREATE_STREAM @370 {NAME:u_rx_seq T:Transactions SCOPE:uvm_test_top.apb_uart_env.uart_rx.sequencer STREAM:1238}
  CREATE_STREAM @95790 {NAME:u_tx_seq T:Transactions SCOPE:uvm_test_top.apb_uart_env.uart_tx.sequencer STREAM:1297}
  CREATE_STREAM @184330 {NAME:apb_r_seq T:Transactions SCOPE:uvm_test_top.apb_uart_env.apb_agent.sequencer STREAM:1343}
  CREATE_STREAM @290 {NAME:apb_w_seq T:Transactions SCOPE:uvm_test_top.apb_uart_env.apb_agent.sequencer STREAM:1218}
  CREATE_STREAM @370 {NAME:u_rx_seq T:Transactions SCOPE:uvm_test_top.apb_uart_env.uart_rx.sequencer STREAM:1238}
  CREATE_STREAM @95790 {NAME:u_tx_seq T:Transactions SCOPE:uvm_test_top.apb_uart_env.uart_tx.sequencer STREAM:1297}
  CREATE_STREAM @184330 {NAME:apb_r_seq T:Transactions SCOPE:uvm_test_top.apb_uart_env.apb_agent.sequencer STREAM:1343}
  CREATE_STREAM @290 {NAME:apb_w_seq T:Transactions SCOPE:uvm_test_top.apb_uart_env.apb_agent.sequencer STREAM:1208}
  CREATE_STREAM @290 {NAME:u_rx_seq T:Transactions SCOPE:uvm_test_top.apb_uart_env.uart_rx.sequencer STREAM:1211}
  CREATE_STREAM @290 {NAME:apb_w_seq T:Transactions SCOPE:uvm_test_top.apb_uart_env.apb_agent.sequencer STREAM:1208}
  CREATE_STREAM @290 {NAME:u_rx_seq T:Transactions SCOPE:uvm_test_top.apb_uart_env.uart_rx.sequencer STREAM:1211}
  CREATE_STREAM @290 {NAME:apb_w_seq T:Transactions SCOPE:uvm_test_top.apb_uart_env.apb_agent.sequencer STREAM:1208}
  CREATE_STREAM @290 {NAME:u_rx_seq T:Transactions SCOPE:uvm_test_top.apb_uart_env.uart_rx.sequencer STREAM:1211}
  CREATE_STREAM @290 {NAME:apb_w_seq T:Transactions SCOPE:uvm_test_top.apb_uart_env.apb_agent.sequencer STREAM:1218}
  CREATE_STREAM @370 {NAME:u_rx_seq T:Transactions SCOPE:uvm_test_top.apb_uart_env.uart_rx.sequencer STREAM:1238}
  CREATE_STREAM @95790 {NAME:u_tx_seq T:Transactions SCOPE:uvm_test_top.apb_uart_env.uart_tx.sequencer STREAM:1297}
  CREATE_STREAM @184330 {NAME:apb_r_seq T:Transactions SCOPE:uvm_test_top.apb_uart_env.apb_agent.sequencer STREAM:1343}
  CREATE_STREAM @290 {NAME:apb_w_seq T:Transactions SCOPE:uvm_test_top.apb_uart_env.apb_agent.sequencer STREAM:1212}
  CREATE_STREAM @370 {NAME:u_tx_seq T:Transactions SCOPE:uvm_test_top.apb_uart_env.uart_tx.sequencer STREAM:1232}
  CREATE_STREAM @80170 {NAME:apb_rdseq T:Transactions SCOPE:uvm_test_top.apb_uart_env.apb_agent.sequencer STREAM:1261}
  CREATE_STREAM @290 {NAME:apb_w_seq T:Transactions SCOPE:uvm_test_top.apb_uart_env.apb_agent.sequencer STREAM:1212}
  CREATE_STREAM @370 {NAME:u_tx_seq T:Transactions SCOPE:uvm_test_top.apb_uart_env.uart_tx.sequencer STREAM:1232}
  CREATE_STREAM @98090 {NAME:apb_rdseq T:Transactions SCOPE:uvm_test_top.apb_uart_env.apb_agent.sequencer STREAM:1261}
  CREATE_STREAM @290 {NAME:apb_w_seq T:Transactions SCOPE:uvm_test_top.apb_uart_env.apb_agent.sequencer STREAM:1208}
  CREATE_STREAM @290 {NAME:u_rx_seq T:Transactions SCOPE:uvm_test_top.apb_uart_env.uart_rx.sequencer STREAM:1211}
  CREATE_STREAM @290 {NAME:apb_err_seq T:Transactions SCOPE:uvm_test_top.apb_uart_env.apb_agent.sequencer STREAM:1202}
  CREATE_STREAM @290 {NAME:apb_w_seq T:Transactions SCOPE:uvm_test_top.apb_uart_env.apb_agent.sequencer STREAM:1208}
  CREATE_STREAM @290 {NAME:u_rx_seq T:Transactions SCOPE:uvm_test_top.apb_uart_env.uart_rx.sequencer STREAM:1211}
  CREATE_STREAM @290 {NAME:apb_w_seq T:Transactions SCOPE:uvm_test_top.apb_uart_env.apb_agent.sequencer STREAM:1208}
  CREATE_STREAM @290 {NAME:u_rx_seq T:Transactions SCOPE:uvm_test_top.apb_uart_env.uart_rx.sequencer STREAM:1211}
  CREATE_STREAM @290 {NAME:apb_w_seq T:Transactions SCOPE:uvm_test_top.apb_uart_env.apb_agent.sequencer STREAM:1208}
  CREATE_STREAM @290 {NAME:u_rx_seq T:Transactions SCOPE:uvm_test_top.apb_uart_env.uart_rx.sequencer STREAM:1211}
  CREATE_STREAM @290 {NAME:apb_w_seq T:Transactions SCOPE:uvm_test_top.apb_uart_env.apb_agent.sequencer STREAM:1212}
  CREATE_STREAM @370 {NAME:u_tx_seq T:Transactions SCOPE:uvm_test_top.apb_uart_env.uart_tx.sequencer STREAM:1232}
  CREATE_STREAM @80190 {NAME:apb_rdseq T:Transactions SCOPE:uvm_test_top.apb_uart_env.apb_agent.sequencer STREAM:1261}
  CREATE_STREAM @290 {NAME:apb_w_seq T:Transactions SCOPE:uvm_test_top.apb_uart_env.apb_agent.sequencer STREAM:1212}
  CREATE_STREAM @370 {NAME:u_tx_seq T:Transactions SCOPE:uvm_test_top.apb_uart_env.uart_tx.sequencer STREAM:1234}
  CREATE_STREAM @370 {NAME:poll_seq T:Transactions SCOPE:uvm_test_top.apb_uart_env.apb_agent.sequencer STREAM:1244}
  CREATE_STREAM @290 {NAME:apb_w_seq T:Transactions SCOPE:uvm_test_top.apb_uart_env.apb_agent.sequencer STREAM:1210}
  CREATE_STREAM @370 {NAME:apb_r_seq T:Transactions SCOPE:uvm_test_top.apb_uart_env.apb_agent.sequencer STREAM:1230}
  CREATE_STREAM @450 {NAME:apb_err_seq T:Transactions SCOPE:uvm_test_top.apb_uart_env.apb_agent.sequencer STREAM:1246}
  CREATE_STREAM @290 {NAME:apb_w_seq T:Transactions SCOPE:uvm_test_top.apb_uart_env.apb_agent.sequencer STREAM:1204}
  CREATE_STREAM @930 {NAME:apb_r_seq T:Transactions SCOPE:uvm_test_top.apb_uart_env.apb_agent.sequencer STREAM:1257}
