QuestaSim-64 vlog 10.7c Compiler 2018.08 Aug 17 2018
Start time: 18:56:44 on Feb 04,2026
vlog -64 -f filelist_com.f -f filelist_vsim.f -f filelist_tb.f -l ./log/vlogt.log 
-- Compiling package uvm_pkg
-- Compiling package apb_define_sv_unit
-- Compiling package apb_master_itf_sv_unit
-- Compiling interface apb_master_itf
-- Compiling package uart_tx_if_sv_unit
-- Compiling interface uart_tx_if
-- Compiling package uart_rx_if_sv_unit
-- Compiling interface uart_rx_if
-- Compiling package apb_pkg
-- Compiling package uart_pkg
-- Compiling package apb_uart_pkg
-- Compiling package apb_uart_test_top_sv_unit
-- Compiling module apb_sva_base
-- Compiling module uart_tx_sva_base
-- Compiling module uart_rx_sva_base
-- Compiling module uart_baud_sva_base
-- Compiling module apb_uart_test_top

Top level modules:
	apb_uart_test_top
End time: 18:56:45 on Feb 04,2026, Elapsed time: 0:00:01
Errors: 0, Warnings: 0
